Reading pref.tcl

# 2021.2_2

# vsim -c -do "run -all" systolic_array_tb
# Start time: 13:53:24 on Sep 22,2021
# ** Note: (vsim-8009) Loading existing optimized design _opt
# //  Questa Sim
# //  Version 2021.2_2 linux Jun 19 2021
# //
# //  Copyright 1991-2021 Mentor Graphics Corporation
# //  All Rights Reserved.
# //
# //  QuestaSim and its associated documentation contain trade
# //  secrets and commercial or financial information that are the property of
# //  Mentor Graphics Corporation and are privileged, confidential,
# //  and exempt from disclosure under the Freedom of Information Act,
# //  5 U.S.C. Section 552. Furthermore, this information
# //  is prohibited from disclosure under the Trade Secrets Act,
# //  18 U.S.C. Section 1905.
# //
# Loading sv_std.std
# Loading work.systolic_array_tb_sv_unit(fast)
# Loading work.systolic_array_tb(fast)
# Loading work.tpumac(fast)
# run -all
# No errors, testcase passed
#
# No errors, testcase passed
#
# No errors, testcase passed
#
# No errors, testcase passed
#
# No errors, testcase passed
#
# No errors, testcase passed
#
# No errors, testcase passed
#
# No errors, testcase passed
#
# No errors, testcase passed
#
# No errors, testcase passed
#
# ** Note: $stop    : systolic_array_tb.sv(158)
#    Time: 6105 ns  Iteration: 1  Instance: /systolic_array_tb
# Break at systolic_array_tb.sv line 158
# Stopped at systolic_array_tb.sv line 158